[D 190329 15:00:59.046 client:137] 音频路径:'/home/wangjinyu/workproject/long_audio_asr/res/one_minute/60s_3.wav'
[D 190329 15:00:59.360 urllib3.connectionpool:813] Starting new HTTPS connection (1): api.ai.qq.com:443
[D 190329 15:01:40.510 urllib3.connectionpool:393] https://api.ai.qq.com:443 "POST /fcgi-bin/aai/aai_wxasrlong HTTP/1.1" 200 None
[D 190329 15:01:40.514 client:102] task_id:'1032522_1553842900256'
[D 190329 15:01:40.515 client:105] wav_time:68
[D 190329 15:01:40.515 client:137] 音频路径:'/home/wangjinyu/workproject/long_audio_asr/res/one_minute/60s_4.wav'
[D 190329 15:01:40.786 urllib3.connectionpool:813] Starting new HTTPS connection (1): api.ai.qq.com:443
[D 190329 15:02:24.667 urllib3.connectionpool:393] https://api.ai.qq.com:443 "POST /fcgi-bin/aai/aai_wxasrlong HTTP/1.1" 200 None
[D 190329 15:02:24.670 client:102] task_id:'1032168_1553842944387'
[D 190329 15:02:24.671 client:105] wav_time:68
[D 190329 15:02:24.671 client:137] 音频路径:'/home/wangjinyu/workproject/long_audio_asr/res/one_minute/60s_9.wav'
[D 190329 15:02:24.951 urllib3.connectionpool:813] Starting new HTTPS connection (1): api.ai.qq.com:443
[D 190329 15:03:07.402 urllib3.connectionpool:393] https://api.ai.qq.com:443 "POST /fcgi-bin/aai/aai_wxasrlong HTTP/1.1" 200 None
[D 190329 15:03:07.404 client:102] task_id:'1032068_1553842987146'
[D 190329 15:03:07.404 client:105] wav_time:69
[D 190329 15:03:07.404 client:137] 音频路径:'/home/wangjinyu/workproject/long_audio_asr/res/one_minute/60s_0.wav'
[D 190329 15:03:07.844 urllib3.connectionpool:813] Starting new HTTPS connection (1): api.ai.qq.com:443
[D 190329 15:03:49.618 urllib3.connectionpool:393] https://api.ai.qq.com:443 "POST /fcgi-bin/aai/aai_wxasrlong HTTP/1.1" 200 None
[D 190329 15:03:49.622 client:102] task_id:'1032169_1553843029351'
[D 190329 15:03:49.622 client:105] wav_time:68
[D 190329 15:03:49.622 client:137] 音频路径:'/home/wangjinyu/workproject/long_audio_asr/res/one_minute/60s_7.wav'
[D 190329 15:03:49.926 urllib3.connectionpool:813] Starting new HTTPS connection (1): api.ai.qq.com:443
[D 190329 15:04:32.234 urllib3.connectionpool:393] https://api.ai.qq.com:443 "POST /fcgi-bin/aai/aai_wxasrlong HTTP/1.1" 200 None
[D 190329 15:04:32.237 client:102] task_id:'1031961_1553843071939'
[D 190329 15:04:32.237 client:105] wav_time:69
[D 190329 15:04:32.238 client:137] 音频路径:'/home/wangjinyu/workproject/long_audio_asr/res/one_minute/60s_6.wav'
[D 190329 15:04:32.550 urllib3.connectionpool:813] Starting new HTTPS connection (1): api.ai.qq.com:443
[D 190329 15:05:14.732 urllib3.connectionpool:393] https://api.ai.qq.com:443 "POST /fcgi-bin/aai/aai_wxasrlong HTTP/1.1" 200 None
[D 190329 15:05:14.735 client:102] task_id:'1032318_1553843114437'
[D 190329 15:05:14.735 client:105] wav_time:69
[D 190329 15:05:14.735 client:137] 音频路径:'/home/wangjinyu/workproject/long_audio_asr/res/one_minute/60s_1.wav'
[D 190329 15:05:15.027 urllib3.connectionpool:813] Starting new HTTPS connection (1): api.ai.qq.com:443
[D 190329 15:05:58.634 urllib3.connectionpool:393] https://api.ai.qq.com:443 "POST /fcgi-bin/aai/aai_wxasrlong HTTP/1.1" 200 None
[D 190329 15:05:58.638 client:102] task_id:'1032523_1553843158343'
[D 190329 15:05:58.639 client:105] wav_time:68
[D 190329 15:05:58.639 client:137] 音频路径:'/home/wangjinyu/workproject/long_audio_asr/res/one_minute/60s_8.wav'
[D 190329 15:05:58.927 urllib3.connectionpool:813] Starting new HTTPS connection (1): api.ai.qq.com:443
[D 190329 15:06:41.304 urllib3.connectionpool:393] https://api.ai.qq.com:443 "POST /fcgi-bin/aai/aai_wxasrlong HTTP/1.1" 200 None
[D 190329 15:06:41.306 client:102] task_id:'1032525_1553843201032'
[D 190329 15:06:41.306 client:105] wav_time:69
[D 190329 15:06:41.306 client:137] 音频路径:'/home/wangjinyu/workproject/long_audio_asr/res/one_minute/60s_2.wav'
[D 190329 15:06:41.626 urllib3.connectionpool:813] Starting new HTTPS connection (1): api.ai.qq.com:443
[D 190329 15:07:24.564 urllib3.connectionpool:393] https://api.ai.qq.com:443 "POST /fcgi-bin/aai/aai_wxasrlong HTTP/1.1" 200 None
[D 190329 15:07:24.566 client:102] task_id:'1032252_1553843244291'
[D 190329 15:07:24.567 client:105] wav_time:68
[D 190329 15:07:24.567 client:137] 音频路径:'/home/wangjinyu/workproject/long_audio_asr/res/one_minute/60s_5.wav'
[D 190329 15:07:24.894 urllib3.connectionpool:813] Starting new HTTPS connection (1): api.ai.qq.com:443
[D 190329 15:08:08.317 urllib3.connectionpool:393] https://api.ai.qq.com:443 "POST /fcgi-bin/aai/aai_wxasrlong HTTP/1.1" 200 None
[D 190329 15:08:08.320 client:102] task_id:'1030682_1553843288007'
[D 190329 15:08:08.321 client:105] wav_time:69
[D 190329 15:17:49.751 client:137] 音频路径:'/home/wangjinyu/workproject/long_audio_asr/res/middle_wav/wav_25s_0.wav'
[D 190329 15:18:07.082 client:102] task_id:'1032254_1553843886928'
[D 190329 15:18:07.082 client:105] wav_time:25
[D 190329 15:18:07.082 client:137] 音频路径:'/home/wangjinyu/workproject/long_audio_asr/res/middle_wav/wav_25s_8.wav'
[D 190329 15:18:25.631 client:102] task_id:'1030769_1553843905426'
[D 190329 15:18:25.632 client:105] wav_time:27
[D 190329 15:18:25.632 client:137] 音频路径:'/home/wangjinyu/workproject/long_audio_asr/res/middle_wav/wav_25s_16.wav'
[D 190329 15:18:42.825 client:102] task_id:'1031551_1553843922663'
[D 190329 15:18:42.825 client:105] wav_time:25
[D 190329 15:18:42.826 client:137] 音频路径:'/home/wangjinyu/workproject/long_audio_asr/res/middle_wav/wav_25s_14.wav'
[D 190329 15:19:00.838 client:102] task_id:'1031443_1553843940636'
[D 190329 15:19:00.838 client:105] wav_time:26
[D 190329 15:19:00.838 client:137] 音频路径:'/home/wangjinyu/workproject/long_audio_asr/res/middle_wav/wav_25s_5.wav'
[D 190329 15:19:21.757 client:102] task_id:'1031552_1553843961474'
[D 190329 15:19:21.757 client:105] wav_time:26
[D 190329 15:19:21.758 client:137] 音频路径:'/home/wangjinyu/workproject/long_audio_asr/res/middle_wav/wav_25s_18.wav'
[D 190329 15:19:41.023 client:102] task_id:'1032170_1553843980867'
[D 190329 15:19:41.023 client:105] wav_time:25
[D 190329 15:19:41.023 client:137] 音频路径:'/home/wangjinyu/workproject/long_audio_asr/res/middle_wav/wav_25s_29.wav'
[D 190329 15:20:00.181 client:102] task_id:'1031444_1553843999957'
[D 190329 15:20:00.181 client:105] wav_time:28
[D 190329 15:20:00.182 client:137] 音频路径:'/home/wangjinyu/workproject/long_audio_asr/res/middle_wav/wav_25s_27.wav'
[D 190329 15:20:19.999 client:102] task_id:'1031962_1553844019811'
[D 190329 15:20:20.000 client:105] wav_time:25
[D 190329 15:20:20.000 client:137] 音频路径:'/home/wangjinyu/workproject/long_audio_asr/res/middle_wav/wav_25s_2.wav'
[D 190329 15:20:39.305 client:102] task_id:'1032255_1553844039135'
[D 190329 15:20:39.306 client:105] wav_time:28
[D 190329 15:20:39.306 client:137] 音频路径:'/home/wangjinyu/workproject/long_audio_asr/res/middle_wav/wav_25s_26.wav'
[D 190329 15:20:59.721 client:102] task_id:'1032615_1553844059549'
[D 190329 15:20:59.722 client:105] wav_time:27
[D 190329 15:20:59.722 client:137] 音频路径:'/home/wangjinyu/workproject/long_audio_asr/res/middle_wav/wav_25s_6.wav'
[D 190329 15:21:20.839 client:102] task_id:'1030683_1553844080619'
[D 190329 15:21:20.839 client:105] wav_time:27
[D 190329 15:25:05.916 client:140] 音频路径:'/home/wangjinyu/workproject/long_audio_asr/res/middle_wav/wav_25s_0.wav'
[D 190329 15:25:26.081 client:105] task_id:'1032419_1553844325862'
[D 190329 15:25:26.082 client:108] wav_time:25
[D 190329 15:25:26.082 client:140] 音频路径:'/home/wangjinyu/workproject/long_audio_asr/res/middle_wav/wav_25s_8.wav'
[D 190329 15:25:48.727 client:105] task_id:'1031445_1553844348492'
[D 190329 15:25:48.727 client:108] wav_time:27
[D 190329 15:25:48.728 client:140] 音频路径:'/home/wangjinyu/workproject/long_audio_asr/res/middle_wav/wav_25s_16.wav'
[D 190329 15:26:08.143 client:105] task_id:'1031884_1553844367921'
[D 190329 15:26:08.144 client:108] wav_time:25
[D 190329 15:26:08.145 client:140] 音频路径:'/home/wangjinyu/workproject/long_audio_asr/res/middle_wav/wav_25s_14.wav'
[D 190329 15:26:30.447 client:105] task_id:'1031759_1553844390144'
[D 190329 15:26:30.447 client:108] wav_time:26
[D 190329 15:26:30.447 client:140] 音频路径:'/home/wangjinyu/workproject/long_audio_asr/res/middle_wav/wav_25s_5.wav'
[D 190329 15:26:50.769 client:105] task_id:'1029978_1553844410466'
[D 190329 15:26:50.769 client:108] wav_time:26
[D 190329 15:26:50.769 client:140] 音频路径:'/home/wangjinyu/workproject/long_audio_asr/res/middle_wav/wav_25s_18.wav'
[D 190329 15:27:10.309 client:105] task_id:'1032531_1553844430147'
[D 190329 15:27:10.309 client:108] wav_time:25
[D 190329 15:27:10.309 client:140] 音频路径:'/home/wangjinyu/workproject/long_audio_asr/res/middle_wav/wav_25s_29.wav'
[D 190329 15:27:33.759 client:105] task_id:'1031392_1553844453502'
[D 190329 15:27:33.760 client:108] wav_time:28
[D 190329 15:27:33.760 client:140] 音频路径:'/home/wangjinyu/workproject/long_audio_asr/res/middle_wav/wav_25s_27.wav'
[D 190329 15:27:55.664 client:105] task_id:'1031645_1553844475403'
[D 190329 15:27:55.664 client:108] wav_time:25
[D 190329 15:27:55.665 client:140] 音频路径:'/home/wangjinyu/workproject/long_audio_asr/res/middle_wav/wav_25s_2.wav'
[D 190329 15:28:18.848 client:105] task_id:'1031963_1553844498633'
[D 190329 15:28:18.849 client:108] wav_time:28
[D 190329 15:28:18.850 client:140] 音频路径:'/home/wangjinyu/workproject/long_audio_asr/res/middle_wav/wav_25s_26.wav'
[D 190329 15:28:41.149 client:105] task_id:'1032320_1553844520979'
[D 190329 15:28:41.150 client:108] wav_time:27
[D 190329 15:32:25.586 client:140] 音频路径:'/home/wangjinyu/workproject/long_audio_asr/res/middle_wav/wav_25s_6.wav'
[D 190329 15:32:46.479 client:105] task_id:'1032069_1553844766325'
[D 190329 15:32:46.480 client:108] wav_time:27
[D 190329 15:32:46.480 client:140] 音频路径:'/home/wangjinyu/workproject/long_audio_asr/res/middle_wav/wav_25s_20.wav'
[D 190329 15:33:07.160 client:105] task_id:'1029979_1553844786926'
[D 190329 15:33:07.160 client:108] wav_time:28
[D 190329 15:33:07.160 client:140] 音频路径:'/home/wangjinyu/workproject/long_audio_asr/res/middle_wav/wav_25s_4.wav'
[D 190329 15:33:27.856 client:105] task_id:'1032617_1553844807647'
[D 190329 15:33:27.857 client:108] wav_time:27
[D 190329 15:33:27.857 client:140] 音频路径:'/home/wangjinyu/workproject/long_audio_asr/res/middle_wav/wav_25s_7.wav'
[D 190329 15:33:48.185 client:105] task_id:'1030960_1553844827986'
[D 190329 15:33:48.186 client:108] wav_time:25
[D 190329 15:33:48.186 client:140] 音频路径:'/home/wangjinyu/workproject/long_audio_asr/res/middle_wav/wav_25s_11.wav'
[D 190329 15:34:09.903 client:105] task_id:'1030684_1553844849730'
[D 190329 15:34:09.904 client:108] wav_time:28
[D 190329 15:34:09.904 client:140] 音频路径:'/home/wangjinyu/workproject/long_audio_asr/res/middle_wav/wav_25s_21.wav'
[D 190329 15:34:29.900 client:105] task_id:'1030961_1553844869681'
[D 190329 15:34:29.900 client:108] wav_time:26
[D 190329 15:34:29.900 client:140] 音频路径:'/home/wangjinyu/workproject/long_audio_asr/res/middle_wav/wav_25s_28.wav'
[D 190329 15:34:50.980 client:105] task_id:'1032256_1553844890772'
[D 190329 15:34:50.980 client:108] wav_time:27
[D 190329 15:34:50.981 client:140] 音频路径:'/home/wangjinyu/workproject/long_audio_asr/res/middle_wav/wav_25s_9.wav'
[D 190329 15:35:10.733 client:105] task_id:'1032532_1553844910552'
[D 190329 15:35:10.734 client:108] wav_time:25
[D 190329 15:35:10.734 client:140] 音频路径:'/home/wangjinyu/workproject/long_audio_asr/res/middle_wav/wav_25s_15.wav'
[D 190329 15:35:31.406 client:105] task_id:'1031395_1553844931230'
[D 190329 15:35:31.407 client:108] wav_time:27
[D 190329 15:35:31.408 client:140] 音频路径:'/home/wangjinyu/workproject/long_audio_asr/res/middle_wav/wav_25s_13.wav'
[D 190329 15:35:53.453 client:105] task_id:'1030962_1553844953227'
[D 190329 15:35:53.454 client:108] wav_time:27
[D 190329 15:58:21.569 client:140] 音频路径:'/home/wangjinyu/workproject/long_audio_asr/res/one_minute/60s_3.wav'
[D 190329 15:58:46.111 client:105] task_id:'1031553_1553846325811'
[D 190329 15:58:46.111 client:108] wav_time:68
[D 190329 15:58:46.112 client:140] 音频路径:'/home/wangjinyu/workproject/long_audio_asr/res/one_minute/60s_4.wav'
[D 190329 15:59:06.277 client:105] task_id:'1029981_1553846345959'
[D 190329 15:59:06.277 client:108] wav_time:68
[D 190329 15:59:06.277 client:140] 音频路径:'/home/wangjinyu/workproject/long_audio_asr/res/one_minute/60s_9.wav'
[D 190329 15:59:23.293 client:105] task_id:'1030963_1553846362977'
[D 190329 15:59:23.293 client:108] wav_time:69
[D 190329 15:59:23.293 client:140] 音频路径:'/home/wangjinyu/workproject/long_audio_asr/res/one_minute/60s_0.wav'
[D 190329 15:59:37.600 client:105] task_id:'1032072_1553846377098'
[D 190329 15:59:37.600 client:108] wav_time:68
[D 190329 15:59:37.601 client:140] 音频路径:'/home/wangjinyu/workproject/long_audio_asr/res/one_minute/60s_7.wav'
[D 190329 16:00:03.505 client:105] task_id:'1031968_1553846399500'
[D 190329 16:00:03.505 client:108] wav_time:69
[D 190329 16:00:03.505 client:140] 音频路径:'/home/wangjinyu/workproject/long_audio_asr/res/one_minute/60s_6.wav'
[D 190329 16:00:28.405 client:105] task_id:'1032173_1553846428108'
[D 190329 16:00:28.406 client:108] wav_time:69
[D 190329 16:00:28.406 client:140] 音频路径:'/home/wangjinyu/workproject/long_audio_asr/res/one_minute/60s_1.wav'
[D 190329 16:00:39.245 client:105] task_id:'1032535_1553846438946'
[D 190329 16:00:39.246 client:108] wav_time:68
[D 190329 16:00:39.246 client:140] 音频路径:'/home/wangjinyu/workproject/long_audio_asr/res/one_minute/60s_8.wav'
[D 190329 16:00:50.203 client:105] task_id:'1031889_1553846449977'
[D 190329 16:00:50.203 client:108] wav_time:69
[D 190329 16:00:50.203 client:140] 音频路径:'/home/wangjinyu/workproject/long_audio_asr/res/one_minute/60s_2.wav'
[D 190329 16:01:03.221 client:105] task_id:'1032422_1553846462991'
[D 190329 16:01:03.222 client:108] wav_time:68
[D 190329 16:01:03.222 client:140] 音频路径:'/home/wangjinyu/workproject/long_audio_asr/res/one_minute/60s_5.wav'
[D 190329 16:01:13.649 client:105] task_id:'1029982_1553846473243'
[D 190329 16:01:13.649 client:108] wav_time:69
[D 190329 16:32:56.627 client:140] 音频路径:'/home/wangjinyu/workproject/long_audio_asr/res/one_minute/60s_3.wav'
[D 190329 16:33:13.237 client:105] task_id:'1032331_1553848392937'
[D 190329 16:33:13.238 client:108] wav_time:68
[D 190329 16:33:13.238 client:140] 音频路径:'/home/wangjinyu/workproject/long_audio_asr/res/one_minute/60s_4.wav'
[D 190329 16:33:33.725 client:105] task_id:'1032425_1553848413503'
[D 190329 16:33:33.725 client:108] wav_time:68
[D 190329 16:33:33.725 client:140] 音频路径:'/home/wangjinyu/workproject/long_audio_asr/res/one_minute/60s_9.wav'
[D 190329 16:33:47.441 client:105] task_id:'1030687_1553848426248'
[D 190329 16:33:47.441 client:108] wav_time:69
[D 190329 16:33:47.442 client:140] 音频路径:'/home/wangjinyu/workproject/long_audio_asr/res/one_minute/60s_0.wav'
[D 190329 16:34:01.608 client:105] task_id:'1030774_1553848441323'
[D 190329 16:34:01.609 client:108] wav_time:68
[D 190329 16:34:01.609 client:140] 音频路径:'/home/wangjinyu/workproject/long_audio_asr/res/one_minute/60s_7.wav'
[D 190329 16:34:15.909 client:105] task_id:'1031892_1553848455644'
[D 190329 16:34:15.909 client:108] wav_time:69
[D 190329 16:34:15.909 client:140] 音频路径:'/home/wangjinyu/workproject/long_audio_asr/res/one_minute/60s_6.wav'
[D 190329 16:34:31.370 client:105] task_id:'1031973_1553848471067'
[D 190329 16:34:31.371 client:108] wav_time:69
[D 190329 16:34:31.371 client:140] 音频路径:'/home/wangjinyu/workproject/long_audio_asr/res/one_minute/60s_1.wav'
[D 190329 16:34:46.968 client:105] task_id:'1031893_1553848486743'
[D 190329 16:34:46.969 client:108] wav_time:68
[D 190329 16:34:46.969 client:140] 音频路径:'/home/wangjinyu/workproject/long_audio_asr/res/one_minute/60s_8.wav'
[D 190329 16:35:00.760 client:105] task_id:'1030688_1553848500486'
[D 190329 16:35:00.761 client:108] wav_time:69
[D 190329 16:35:00.761 client:140] 音频路径:'/home/wangjinyu/workproject/long_audio_asr/res/one_minute/60s_2.wav'
[D 190329 16:35:14.793 client:105] task_id:'1031447_1553848514539'
[D 190329 16:35:14.793 client:108] wav_time:68
[D 190329 16:35:14.793 client:140] 音频路径:'/home/wangjinyu/workproject/long_audio_asr/res/one_minute/60s_5.wav'
[D 190329 16:36:41.423 client:105] task_id:'1032075_1553848600890'
[D 190329 16:36:41.424 client:108] wav_time:69
[D 190329 17:44:59.315 client:140] 音频路径:'/home/wangjinyu/workproject/long_audio_asr/res/one_minute/60s_3.wav'
[D 190329 17:45:11.366 client:105] task_id:'1032264_1553852711076'
[D 190329 17:45:11.366 client:108] wav_time:68
[D 190329 17:45:11.366 client:140] 音频路径:'/home/wangjinyu/workproject/long_audio_asr/res/one_minute/60s_4.wav'
[D 190329 17:45:24.780 client:105] task_id:'1032429_1553852724472'
[D 190329 17:45:24.781 client:108] wav_time:68
[D 190329 17:45:24.781 client:140] 音频路径:'/home/wangjinyu/workproject/long_audio_asr/res/one_minute/60s_9.wav'
[D 190329 17:45:37.591 client:105] task_id:'1032265_1553852737372'
[D 190329 17:45:37.591 client:108] wav_time:69
[D 190329 17:45:37.591 client:140] 音频路径:'/home/wangjinyu/workproject/long_audio_asr/res/one_minute/60s_0.wav'
[D 190329 17:45:49.256 client:105] task_id:'1032430_1553852748951'
[D 190329 17:45:49.256 client:108] wav_time:68
[D 190329 17:45:49.257 client:140] 音频路径:'/home/wangjinyu/workproject/long_audio_asr/res/one_minute/60s_7.wav'
[D 190329 17:46:03.388 client:105] task_id:'1032266_1553852763089'
[D 190329 17:46:03.388 client:108] wav_time:69
[D 190329 17:46:03.388 client:140] 音频路径:'/home/wangjinyu/workproject/long_audio_asr/res/one_minute/60s_6.wav'
[D 190329 17:46:17.753 client:105] task_id:'1032543_1553852777515'
[D 190329 17:46:17.753 client:108] wav_time:69
[D 190329 17:46:17.753 client:140] 音频路径:'/home/wangjinyu/workproject/long_audio_asr/res/one_minute/60s_1.wav'
[D 190329 17:46:31.453 client:105] task_id:'1032179_1553852791223'
[D 190329 17:46:31.454 client:108] wav_time:68
[D 190329 17:46:31.454 client:140] 音频路径:'/home/wangjinyu/workproject/long_audio_asr/res/one_minute/60s_8.wav'
[D 190329 17:46:47.753 client:105] task_id:'1032180_1553852807529'
[D 190329 17:46:47.753 client:108] wav_time:69
[D 190329 17:46:47.754 client:140] 音频路径:'/home/wangjinyu/workproject/long_audio_asr/res/one_minute/60s_2.wav'
[D 190329 17:47:05.353 client:105] task_id:'1030689_1553852825092'
[D 190329 17:47:05.353 client:108] wav_time:68
[D 190329 17:47:05.354 client:140] 音频路径:'/home/wangjinyu/workproject/long_audio_asr/res/one_minute/60s_5.wav'
[D 190329 17:47:23.874 client:105] task_id:'1032545_1553852843624'
[D 190329 17:47:23.874 client:108] wav_time:69
[D 190329 17:49:48.272 client:105] task_id:'1031979_1553852988084'
[D 190329 17:49:48.273 client:108] wav_time:25
[D 190329 17:51:22.415 client:143] 音频路径:'/home/wangjinyu/workproject/long_audio_asr/res/middle_wav/wav_25s_0.wav'
[D 190329 17:51:44.284 client:105] task_id:'1031563_1553853104078'
[D 190329 17:51:44.285 client:108] wav_time:25
[D 190329 17:51:44.285 client:143] 音频路径:'/home/wangjinyu/workproject/long_audio_asr/res/middle_wav/wav_25s_8.wav'
[D 190329 17:51:55.242 client:105] task_id:'1032629_1553853115088'
[D 190329 17:51:55.243 client:108] wav_time:27
[D 190329 17:51:55.243 client:143] 音频路径:'/home/wangjinyu/workproject/long_audio_asr/res/middle_wav/wav_25s_16.wav'
[D 190329 17:52:06.095 client:105] task_id:'1031897_1553853125960'
[D 190329 17:52:06.095 client:108] wav_time:25
[D 190329 17:52:06.096 client:143] 音频路径:'/home/wangjinyu/workproject/long_audio_asr/res/middle_wav/wav_25s_14.wav'
[D 190329 17:52:16.061 client:105] task_id:'1030971_1553853135911'
[D 190329 17:52:16.061 client:108] wav_time:26
[D 190329 17:52:16.061 client:143] 音频路径:'/home/wangjinyu/workproject/long_audio_asr/res/middle_wav/wav_25s_5.wav'
[D 190329 17:52:26.698 client:105] task_id:'1032080_1553853146584'
[D 190329 17:52:26.698 client:108] wav_time:26
[D 190329 17:52:26.698 client:143] 音频路径:'/home/wangjinyu/workproject/long_audio_asr/res/middle_wav/wav_25s_18.wav'
[D 190329 17:52:36.611 client:105] task_id:'1032338_1553853156431'
[D 190329 17:52:36.611 client:108] wav_time:25
[D 190329 17:52:36.611 client:143] 音频路径:'/home/wangjinyu/workproject/long_audio_asr/res/middle_wav/wav_25s_29.wav'
[D 190329 17:52:49.208 client:105] task_id:'1031452_1553853168905'
[D 190329 17:52:49.211 client:108] wav_time:28
[D 190329 17:52:49.212 client:143] 音频路径:'/home/wangjinyu/workproject/long_audio_asr/res/middle_wav/wav_25s_27.wav'
[D 190329 17:53:11.632 client:105] task_id:'1032903_1553853191481'
[D 190329 17:53:11.633 client:108] wav_time:25
[D 190329 18:01:15.868 client:105] task_id:'1032432_1553853675669'
[D 190329 18:01:15.868 client:108] wav_time:25
[D 190329 18:01:56.698 client:105] task_id:'1030776_1553853716536'
[D 190329 18:01:56.699 client:108] wav_time:25
[D 190329 18:03:07.329 client:143] 音频路径:'/home/wangjinyu/workproject/long_audio_asr/res/middle_wav/wav_25s_6.wav'
[D 190329 18:03:47.609 client:105] task_id:'1032183_1553853827176'
[D 190329 18:03:47.609 client:108] wav_time:27
[D 190329 18:03:47.609 client:143] 音频路径:'/home/wangjinyu/workproject/long_audio_asr/res/middle_wav/wav_25s_20.wav'
[D 190329 18:05:16.466 client:143] 音频路径:'/home/wangjinyu/workproject/long_audio_asr/res/middle_wav/wav_25s_6.wav'
[D 190329 18:05:36.363 client:105] task_id:'1031649_1553853936242'
[D 190329 18:05:36.364 client:108] wav_time:27
[D 190329 18:05:36.364 client:143] 音频路径:'/home/wangjinyu/workproject/long_audio_asr/res/middle_wav/wav_25s_20.wav'
[D 190329 18:06:01.404 client:105] task_id:'1032547_1553853961072'
[D 190329 18:06:01.405 client:108] wav_time:28
[D 190329 18:06:01.405 client:143] 音频路径:'/home/wangjinyu/workproject/long_audio_asr/res/middle_wav/wav_25s_4.wav'
[D 190329 18:06:41.550 client:105] task_id:'1032703_1553854001306'
[D 190329 18:06:41.551 client:108] wav_time:27
[D 190329 18:06:41.551 client:143] 音频路径:'/home/wangjinyu/workproject/long_audio_asr/res/middle_wav/wav_25s_7.wav'
[D 190329 18:07:08.275 client:105] task_id:'1030777_1553854028149'
[D 190329 18:07:08.276 client:108] wav_time:25
[D 190329 18:07:08.276 client:143] 音频路径:'/home/wangjinyu/workproject/long_audio_asr/res/middle_wav/wav_25s_11.wav'
[D 190329 18:07:32.124 client:105] task_id:'1032549_1553854051986'
[D 190329 18:07:32.125 client:108] wav_time:28
[D 190329 18:07:32.126 client:143] 音频路径:'/home/wangjinyu/workproject/long_audio_asr/res/middle_wav/wav_25s_21.wav'
[D 190329 18:07:56.241 client:105] task_id:'1032704_1553854076092'
[D 190329 18:07:56.242 client:108] wav_time:26
[D 190329 18:07:56.243 client:143] 音频路径:'/home/wangjinyu/workproject/long_audio_asr/res/middle_wav/wav_25s_28.wav'
[D 190329 18:08:13.774 client:105] task_id:'1032184_1553854093662'
[D 190329 18:08:13.775 client:108] wav_time:27
[D 190329 18:08:13.775 client:143] 音频路径:'/home/wangjinyu/workproject/long_audio_asr/res/middle_wav/wav_25s_9.wav'
[D 190329 18:08:31.819 client:105] task_id:'1032434_1553854111700'
[D 190329 18:08:31.819 client:108] wav_time:25
[D 190329 18:08:31.819 client:143] 音频路径:'/home/wangjinyu/workproject/long_audio_asr/res/middle_wav/wav_25s_15.wav'
[D 190329 18:08:49.561 client:105] task_id:'1032269_1553854128860'
[D 190329 18:08:49.562 client:108] wav_time:27
[D 190329 18:08:49.562 client:143] 音频路径:'/home/wangjinyu/workproject/long_audio_asr/res/middle_wav/wav_25s_13.wav'
[D 190329 18:09:05.268 client:105] task_id:'1032435_1553854145107'
[D 190329 18:09:05.269 client:108] wav_time:27
[D 190329 18:11:33.545 client:143] 音频路径:'/home/wangjinyu/workproject/long_audio_asr/res/middle_wav/wav_25s_6.wav'
[D 190329 18:11:52.581 client:105] task_id:'1030778_1553854312461'
[D 190329 18:11:52.581 client:108] wav_time:27
[D 190329 18:11:52.582 client:143] 音频路径:'/home/wangjinyu/workproject/long_audio_asr/res/middle_wav/wav_25s_20.wav'
[D 190329 18:12:11.605 client:105] task_id:'1032081_1553854331476'
[D 190329 18:12:11.605 client:108] wav_time:28
[D 190329 18:12:11.606 client:143] 音频路径:'/home/wangjinyu/workproject/long_audio_asr/res/middle_wav/wav_25s_4.wav'
[D 190329 18:12:33.867 client:105] task_id:'1032186_1553854353746'
[D 190329 18:12:33.867 client:108] wav_time:27
[D 190329 18:12:33.867 client:143] 音频路径:'/home/wangjinyu/workproject/long_audio_asr/res/middle_wav/wav_25s_7.wav'
[D 190329 18:12:50.109 client:105] task_id:'1032436_1553854369968'
[D 190329 18:12:50.110 client:108] wav_time:25
[D 190329 18:12:50.110 client:143] 音频路径:'/home/wangjinyu/workproject/long_audio_asr/res/middle_wav/wav_25s_11.wav'
[D 190329 18:13:06.243 client:105] task_id:'1029988_1553854386063'
[D 190329 18:13:06.243 client:108] wav_time:28
[D 190329 18:13:06.244 client:143] 音频路径:'/home/wangjinyu/workproject/long_audio_asr/res/middle_wav/wav_25s_21.wav'
[D 190329 18:13:24.078 client:105] task_id:'1032630_1553854403946'
[D 190329 18:13:24.078 client:108] wav_time:26
[D 190329 18:13:24.078 client:143] 音频路径:'/home/wangjinyu/workproject/long_audio_asr/res/middle_wav/wav_25s_28.wav'
[D 190329 18:13:44.505 client:105] task_id:'1030972_1553854424332'
[D 190329 18:13:44.505 client:108] wav_time:27
[D 190329 18:13:44.505 client:143] 音频路径:'/home/wangjinyu/workproject/long_audio_asr/res/middle_wav/wav_25s_9.wav'
[D 190329 18:14:11.823 client:105] task_id:'1032808_1553854449858'
[D 190329 18:14:11.824 client:108] wav_time:25
[D 190329 18:14:11.824 client:143] 音频路径:'/home/wangjinyu/workproject/long_audio_asr/res/middle_wav/wav_25s_15.wav'
[D 190329 18:14:27.432 client:105] task_id:'1030692_1553854467311'
[D 190329 18:14:27.433 client:108] wav_time:27
[D 190329 18:14:27.434 client:143] 音频路径:'/home/wangjinyu/workproject/long_audio_asr/res/middle_wav/wav_25s_13.wav'
[D 190329 18:14:44.282 client:105] task_id:'1032551_1553854484157'
[D 190329 18:14:44.282 client:108] wav_time:27
[D 190329 18:20:44.725 client:143] 音频路径:'/home/wangjinyu/workproject/long_audio_asr/res/middle_wav/wav_25s_6.wav'
[D 190329 18:21:00.428 client:105] task_id:'1030693_1553854860294'
[D 190329 18:21:00.429 client:108] wav_time:27
[D 190329 18:21:00.429 client:143] 音频路径:'/home/wangjinyu/workproject/long_audio_asr/res/middle_wav/wav_25s_20.wav'
[D 190329 18:21:18.977 client:105] task_id:'1032437_1553854878839'
[D 190329 18:21:18.978 client:108] wav_time:28
[D 190329 18:21:18.978 client:143] 音频路径:'/home/wangjinyu/workproject/long_audio_asr/res/middle_wav/wav_25s_4.wav'
[D 190329 18:21:37.318 client:105] task_id:'1033001_1553854897181'
[D 190329 18:21:37.318 client:108] wav_time:27
[D 190329 18:21:37.319 client:143] 音频路径:'/home/wangjinyu/workproject/long_audio_asr/res/middle_wav/wav_25s_7.wav'
[D 190329 18:21:55.680 client:105] task_id:'1031981_1553854915550'
[D 190329 18:21:55.681 client:108] wav_time:25
[D 190329 18:21:55.681 client:143] 音频路径:'/home/wangjinyu/workproject/long_audio_asr/res/middle_wav/wav_25s_11.wav'
[D 190329 18:22:14.307 client:105] task_id:'1032188_1553854934167'
[D 190329 18:22:14.308 client:108] wav_time:28
[D 190329 18:22:14.308 client:143] 音频路径:'/home/wangjinyu/workproject/long_audio_asr/res/middle_wav/wav_25s_21.wav'
[D 190329 18:22:31.931 client:105] task_id:'1031982_1553854951806'
[D 190329 18:22:31.932 client:108] wav_time:26
[D 190329 18:22:31.932 client:143] 音频路径:'/home/wangjinyu/workproject/long_audio_asr/res/middle_wav/wav_25s_28.wav'
[D 190329 18:22:51.285 client:105] task_id:'1032809_1553854971154'
[D 190329 18:22:51.286 client:108] wav_time:27
[D 190329 18:22:51.286 client:143] 音频路径:'/home/wangjinyu/workproject/long_audio_asr/res/middle_wav/wav_25s_9.wav'
[D 190329 18:23:28.012 client:105] task_id:'1032439_1553854994660'
[D 190329 18:23:28.013 client:108] wav_time:25
[D 190329 18:23:28.013 client:143] 音频路径:'/home/wangjinyu/workproject/long_audio_asr/res/middle_wav/wav_25s_15.wav'
[D 190329 18:23:45.950 client:105] task_id:'1030694_1553855025752'
[D 190329 18:23:45.950 client:108] wav_time:27
[D 190329 18:23:45.950 client:143] 音频路径:'/home/wangjinyu/workproject/long_audio_asr/res/middle_wav/wav_25s_13.wav'
[D 190329 18:24:03.269 client:105] task_id:'1030973_1553855043125'
[D 190329 18:24:03.269 client:108] wav_time:27
[D 190330 14:08:51.204 client:105] task_id:'1033471_1553926131091'
[D 190330 14:08:51.208 client:108] wav_time:26
[D 190330 14:10:37.998 client:105] task_id:'1034003_1553926237899'
[D 190330 14:10:37.999 client:108] wav_time:26
[D 190330 14:14:15.208 client:143] 音频路径:'/home/wangjinyu/workproject/long_audio_asr/res/middle_wav/wav_25s_6.wav'
[D 190330 14:14:26.791 client:105] task_id:'1031796_1553926466595'
[D 190330 14:14:26.791 client:108] wav_time:27
[D 190330 14:14:26.791 client:143] 音频路径:'/home/wangjinyu/workproject/long_audio_asr/res/middle_wav/wav_25s_20.wav'
[D 190330 14:14:38.875 client:105] task_id:'1034004_1553926478670'
[D 190330 14:14:38.876 client:108] wav_time:28
[D 190330 14:14:38.876 client:143] 音频路径:'/home/wangjinyu/workproject/long_audio_asr/res/middle_wav/wav_25s_4.wav'
[D 190330 14:14:50.448 client:105] task_id:'1032736_1553926490156'
[D 190330 14:14:50.449 client:108] wav_time:27
[D 190330 14:14:50.449 client:143] 音频路径:'/home/wangjinyu/workproject/long_audio_asr/res/middle_wav/wav_25s_7.wav'
[D 190330 14:15:02.058 client:105] task_id:'1033472_1553926501957'
[D 190330 14:15:02.059 client:108] wav_time:25
[D 190330 14:15:02.059 client:143] 音频路径:'/home/wangjinyu/workproject/long_audio_asr/res/middle_wav/wav_25s_11.wav'
[D 190330 14:15:13.452 client:105] task_id:'1031595_1553926513283'
[D 190330 14:15:13.453 client:108] wav_time:28
[D 190330 14:15:13.453 client:143] 音频路径:'/home/wangjinyu/workproject/long_audio_asr/res/middle_wav/wav_25s_21.wav'
[D 190330 14:15:25.093 client:105] task_id:'1034005_1553926524977'
[D 190330 14:15:25.094 client:108] wav_time:26
[D 190330 14:15:25.094 client:143] 音频路径:'/home/wangjinyu/workproject/long_audio_asr/res/middle_wav/wav_25s_28.wav'
[D 190330 14:15:36.928 client:105] task_id:'1032497_1553926536736'
[D 190330 14:15:36.929 client:108] wav_time:27
[D 190330 14:15:36.929 client:143] 音频路径:'/home/wangjinyu/workproject/long_audio_asr/res/middle_wav/wav_25s_9.wav'
[D 190330 14:15:48.672 client:105] task_id:'1033260_1553926548569'
[D 190330 14:15:48.672 client:108] wav_time:25
[D 190330 14:15:48.672 client:143] 音频路径:'/home/wangjinyu/workproject/long_audio_asr/res/middle_wav/wav_25s_15.wav'
[D 190330 14:16:00.322 client:105] task_id:'1032737_1553926560196'
[D 190330 14:16:00.322 client:108] wav_time:27
[D 190330 14:16:00.323 client:143] 音频路径:'/home/wangjinyu/workproject/long_audio_asr/res/middle_wav/wav_25s_13.wav'
[D 190330 14:16:11.895 client:105] task_id:'1033518_1553926571744'
[D 190330 14:16:11.895 client:108] wav_time:27
[D 190401 15:18:54.944 client:105] task_id:'1033893_1554103134664'
[D 190401 15:18:54.948 client:108] wav_time:26
[D 190401 15:22:38.479 client:105] task_id:'1033894_1554103358256'
[D 190401 15:22:38.480 client:108] wav_time:26
[D 190401 15:23:43.740 client:105] task_id:'1036422_1554103423527'
[D 190401 15:23:43.741 client:108] wav_time:28
[D 190401 15:24:27.837 client:105] task_id:'1036220_1554103467673'
[D 190401 15:24:27.837 client:108] wav_time:26
[D 190401 15:26:58.747 client:145] 音频路径:'/home/wangjinyu/workproject/long_audio_asr/res/middle_wav/wav_25s_0.wav'
[D 190401 15:27:26.270 client:145] 音频路径:'/home/wangjinyu/workproject/long_audio_asr/res/middle_wav/wav_25s_0.wav'
[D 190401 15:27:46.115 client:105] task_id:'1036051_1554103665977'
[D 190401 15:27:46.116 client:108] wav_time:25
[D 190401 15:28:46.173 client:145] 音频路径:'/home/wangjinyu/workproject/long_audio_asr/res/middle_wav/wav_25s_8.wav'
[D 190401 15:29:08.495 client:105] task_id:'1036800_1554103748351'
[D 190401 15:29:08.496 client:108] wav_time:27
[D 190401 15:33:58.416 client:145] 音频路径:'/home/wangjinyu/workproject/long_audio_asr/res/middle_wav/wav_25s_0.wav'
[D 190401 15:34:25.412 client:105] task_id:'1035837_1554104065234'
[D 190401 15:34:25.412 client:108] wav_time:25
[D 190401 15:35:25.464 client:145] 音频路径:'/home/wangjinyu/workproject/long_audio_asr/res/middle_wav/wav_25s_8.wav'
[D 190401 15:35:45.441 client:105] task_id:'1036802_1554104145274'
[D 190401 15:35:45.441 client:108] wav_time:27
[D 190401 15:36:45.493 client:145] 音频路径:'/home/wangjinyu/workproject/long_audio_asr/res/middle_wav/wav_25s_16.wav'
[D 190401 15:37:07.026 client:105] task_id:'1036803_1554104226825'
[D 190401 15:37:07.026 client:108] wav_time:25
[D 190401 15:38:07.085 client:145] 音频路径:'/home/wangjinyu/workproject/long_audio_asr/res/middle_wav/wav_25s_14.wav'
[D 190401 15:38:51.378 client:105] task_id:'1036052_1554104331343'
[D 190401 15:38:51.378 client:108] wav_time:26
[D 190401 15:39:51.379 client:145] 音频路径:'/home/wangjinyu/workproject/long_audio_asr/res/middle_wav/wav_25s_5.wav'
[D 190401 15:40:18.223 client:105] task_id:'1036507_1554104418104'
[D 190401 15:40:18.223 client:108] wav_time:26
[D 190401 15:41:18.251 client:145] 音频路径:'/home/wangjinyu/workproject/long_audio_asr/res/middle_wav/wav_25s_18.wav'
[D 190401 15:41:37.070 client:105] task_id:'1033896_1554104496884'
[D 190401 15:41:37.071 client:108] wav_time:25
[D 190401 15:42:37.077 client:145] 音频路径:'/home/wangjinyu/workproject/long_audio_asr/res/middle_wav/wav_25s_29.wav'
[D 190401 15:43:00.562 client:105] task_id:'1036425_1554104580316'
[D 190401 15:43:00.563 client:108] wav_time:28
[D 190401 15:44:00.608 client:145] 音频路径:'/home/wangjinyu/workproject/long_audio_asr/res/middle_wav/wav_25s_27.wav'
[D 190401 15:44:21.313 client:105] task_id:'1035960_1554104661097'
[D 190401 15:44:21.313 client:108] wav_time:25
[D 190401 15:45:21.373 client:145] 音频路径:'/home/wangjinyu/workproject/long_audio_asr/res/middle_wav/wav_25s_2.wav'
[D 190401 15:45:42.562 client:105] task_id:'1036704_1554104742278'
[D 190401 15:45:42.563 client:108] wav_time:28
[D 190401 15:46:42.594 client:145] 音频路径:'/home/wangjinyu/workproject/long_audio_asr/res/middle_wav/wav_25s_26.wav'
[D 190401 15:47:07.127 client:105] task_id:'1034981_1554104826835'
[D 190401 15:47:07.127 client:108] wav_time:27
[D 190401 15:52:15.334 client:105] task_id:'1034669_1554105135127'
[D 190401 15:52:15.335 client:108] wav_time:25
[D 190401 15:53:46.988 client:105] task_id:'1035840_1554105226793'
[D 190401 15:53:46.988 client:108] wav_time:28
[D 190401 16:02:34.523 client:145] 音频路径:'/home/wangjinyu/workproject/long_audio_asr/res/middle_wav/wav_25s_0.wav'
[D 190401 16:03:39.373 client:145] 音频路径:'/home/wangjinyu/workproject/long_audio_asr/res/middle_wav/wav_25s_0.wav'
[D 190401 16:04:01.098 client:105] task_id:'1033898_1554105840894'
[D 190401 16:04:01.099 client:108] wav_time:25
[D 190401 16:06:01.182 client:145] 音频路径:'/home/wangjinyu/workproject/long_audio_asr/res/middle_wav/wav_25s_8.wav'
[D 190401 16:06:38.528 client:105] task_id:'1034982_1554105998335'
[D 190401 16:06:38.529 client:108] wav_time:27
[D 190401 16:08:38.630 client:145] 音频路径:'/home/wangjinyu/workproject/long_audio_asr/res/middle_wav/wav_25s_16.wav'
[D 190401 16:09:02.907 client:105] task_id:'1036509_1554106142706'
[D 190401 16:09:02.907 client:108] wav_time:25
[D 190401 16:11:02.996 client:145] 音频路径:'/home/wangjinyu/workproject/long_audio_asr/res/middle_wav/wav_25s_14.wav'
[D 190401 16:12:17.122 client:105] task_id:'1033899_1554106336880'
[D 190401 16:12:17.123 client:108] wav_time:26
[D 190401 16:14:17.218 client:145] 音频路径:'/home/wangjinyu/workproject/long_audio_asr/res/middle_wav/wav_25s_5.wav'
[D 190401 16:17:53.960 client:145] 音频路径:'/home/wangjinyu/workproject/long_audio_asr/res/middle_wav/wav_25s_0.wav'
[D 190401 16:17:58.493 client:105] task_id:'1034381_1554106678283'
[D 190401 16:17:58.493 client:108] wav_time:25
[D 190401 16:19:58.592 client:145] 音频路径:'/home/wangjinyu/workproject/long_audio_asr/res/middle_wav/wav_25s_8.wav'
[D 190401 16:20:04.861 client:105] task_id:'1036222_1554106804610'
[D 190401 16:20:04.861 client:108] wav_time:27
[D 190401 16:22:53.291 client:145] 音频路径:'/home/wangjinyu/workproject/long_audio_asr/res/middle_wav/wav_25s_0.wav'
[D 190401 16:23:10.458 client:105] task_id:'1036807_1554106990243'
[D 190401 16:23:10.458 client:108] wav_time:25
[D 190401 16:25:10.547 client:145] 音频路径:'/home/wangjinyu/workproject/long_audio_asr/res/middle_wav/wav_25s_8.wav'
[D 190401 16:25:27.801 client:102] 上传音频失败:{'ret': -2147483634, 'data': {'task_id': ''}, 'msg': 'system busy, please try again later'}
[D 190401 16:27:27.902 client:145] 音频路径:'/home/wangjinyu/workproject/long_audio_asr/res/middle_wav/wav_25s_16.wav'
[D 190401 16:27:45.937 client:105] task_id:'1036808_1554107265649'
[D 190401 16:27:45.938 client:108] wav_time:25
[D 190401 16:29:46.038 client:145] 音频路径:'/home/wangjinyu/workproject/long_audio_asr/res/middle_wav/wav_25s_14.wav'
[D 190401 16:30:04.688 client:102] 上传音频失败:{'ret': -2147483634, 'data': {'task_id': ''}, 'msg': 'system busy, please try again later'}
[D 190401 16:32:04.787 client:145] 音频路径:'/home/wangjinyu/workproject/long_audio_asr/res/middle_wav/wav_25s_5.wav'
[D 190401 16:32:22.836 client:105] task_id:'1034984_1554107542552'
[D 190401 16:32:22.836 client:108] wav_time:26
[D 190401 16:34:22.891 client:145] 音频路径:'/home/wangjinyu/workproject/long_audio_asr/res/middle_wav/wav_25s_18.wav'
[D 190401 16:34:41.391 client:105] task_id:'1035561_1554107681166'
[D 190401 16:34:41.392 client:108] wav_time:25
[D 190401 16:36:10.049 client:145] 音频路径:'/home/wangjinyu/workproject/long_audio_asr/res/middle_wav/wav_25s_0.wav'
[D 190401 16:36:27.178 client:105] task_id:'1036427_1554107786947'
[D 190401 16:36:27.178 client:108] wav_time:25
[D 190401 16:38:27.277 client:145] 音频路径:'/home/wangjinyu/workproject/long_audio_asr/res/middle_wav/wav_25s_8.wav'
[D 190401 16:39:17.192 client:105] task_id:'1036615_1554107956958'
[D 190401 16:39:17.193 client:108] wav_time:27
[D 190401 16:41:17.267 client:145] 音频路径:'/home/wangjinyu/workproject/long_audio_asr/res/middle_wav/wav_25s_16.wav'
[D 190401 16:41:36.652 client:105] task_id:'1036616_1554108096353'
[D 190401 16:41:36.653 client:108] wav_time:25
[D 190401 16:43:36.753 client:145] 音频路径:'/home/wangjinyu/workproject/long_audio_asr/res/middle_wav/wav_25s_14.wav'
[D 190401 16:43:54.799 client:105] task_id:'1035962_1554108234517'
[D 190401 16:43:54.800 client:108] wav_time:26
[D 190401 16:45:54.900 client:145] 音频路径:'/home/wangjinyu/workproject/long_audio_asr/res/middle_wav/wav_25s_5.wav'
[D 190401 16:46:12.129 client:105] task_id:'1036341_1554108371839'
[D 190401 16:46:12.129 client:108] wav_time:26
[D 190401 16:48:12.226 client:145] 音频路径:'/home/wangjinyu/workproject/long_audio_asr/res/middle_wav/wav_25s_18.wav'
[D 190401 16:48:29.253 client:105] task_id:'1036122_1554108508895'
[D 190401 16:48:29.254 client:108] wav_time:25
[D 190401 16:50:29.266 client:145] 音频路径:'/home/wangjinyu/workproject/long_audio_asr/res/middle_wav/wav_25s_29.wav'
[D 190401 16:50:47.933 client:105] task_id:'1036056_1554108647647'
[D 190401 16:50:47.933 client:108] wav_time:28
[D 190401 16:52:48.034 client:145] 音频路径:'/home/wangjinyu/workproject/long_audio_asr/res/middle_wav/wav_25s_27.wav'
[D 190401 16:53:05.236 client:105] task_id:'1035564_1554108784963'
[D 190401 16:53:05.236 client:108] wav_time:25
[D 190401 16:55:05.330 client:145] 音频路径:'/home/wangjinyu/workproject/long_audio_asr/res/middle_wav/wav_25s_2.wav'
[D 190401 16:55:23.959 client:105] task_id:'1036343_1554108923637'
[D 190401 16:55:23.959 client:108] wav_time:28
[D 190401 16:57:24.027 client:145] 音频路径:'/home/wangjinyu/workproject/long_audio_asr/res/middle_wav/wav_25s_26.wav'
[D 190401 16:57:45.185 client:105] task_id:'1035786_1554109064922'
[D 190401 16:57:45.185 client:108] wav_time:27
[D 190401 22:04:14.444 client:145] 音频路径:'/home/wangjinyu/workproject/long_audio_asr/res/middle_wav/wav_25s_0.wav'
[D 190401 22:04:17.530 client:105] task_id:'1034679_1554127457444'
[D 190401 22:04:17.531 client:108] wav_time:25
[D 190401 22:06:17.626 client:145] 音频路径:'/home/wangjinyu/workproject/long_audio_asr/res/middle_wav/wav_25s_8.wav'
[D 190401 22:06:22.429 client:105] task_id:'1034993_1554127582249'
[D 190401 22:06:22.430 client:108] wav_time:27
[D 190401 22:08:22.524 client:145] 音频路径:'/home/wangjinyu/workproject/long_audio_asr/res/middle_wav/wav_25s_16.wav'
[D 190401 22:08:25.056 client:105] task_id:'1035856_1554127704593'
[D 190401 22:08:25.057 client:108] wav_time:25
[D 190401 22:10:25.089 client:145] 音频路径:'/home/wangjinyu/workproject/long_audio_asr/res/middle_wav/wav_25s_14.wav'
[D 190401 22:10:29.326 client:105] task_id:'1037202_1554127829253'
[D 190401 22:10:29.327 client:108] wav_time:26
[D 190401 22:12:29.422 client:145] 音频路径:'/home/wangjinyu/workproject/long_audio_asr/res/middle_wav/wav_25s_5.wav'
[D 190401 22:12:33.114 client:105] task_id:'1035686_1554127952695'
[D 190401 22:12:33.115 client:108] wav_time:26
[D 190401 22:14:33.200 client:145] 音频路径:'/home/wangjinyu/workproject/long_audio_asr/res/middle_wav/wav_25s_18.wav'
[D 190401 22:14:36.009 client:105] task_id:'1037109_1554128075934'
[D 190401 22:14:36.010 client:108] wav_time:25
[D 190401 22:16:36.051 client:145] 音频路径:'/home/wangjinyu/workproject/long_audio_asr/res/middle_wav/wav_25s_29.wav'
[D 190401 22:16:38.330 client:105] task_id:'1036230_1554128198159'
[D 190401 22:16:38.331 client:108] wav_time:28
[D 190401 22:18:38.332 client:145] 音频路径:'/home/wangjinyu/workproject/long_audio_asr/res/middle_wav/wav_25s_27.wav'
[D 190401 22:18:41.442 client:105] task_id:'1036822_1554128321336'
[D 190401 22:18:41.443 client:108] wav_time:25
[D 190401 22:20:41.536 client:145] 音频路径:'/home/wangjinyu/workproject/long_audio_asr/res/middle_wav/wav_25s_2.wav'
[D 190401 22:20:43.957 client:105] task_id:'1036076_1554128443875'
[D 190401 22:20:43.958 client:108] wav_time:28
[D 190401 22:22:44.023 client:145] 音频路径:'/home/wangjinyu/workproject/long_audio_asr/res/middle_wav/wav_25s_26.wav'
[D 190401 22:22:48.425 client:105] task_id:'1037204_1554128568349'
[D 190401 22:22:48.426 client:108] wav_time:27
